<?xml version="1.0" encoding="UTF-8"?>
<coverage generated="1699488549984" clover="3.2.0">
  <project timestamp="1699488549985" name="All files">
    <metrics statements="6" coveredstatements="0" conditionals="0" coveredconditionals="0" methods="2" coveredmethods="0" elements="8" coveredelements="0" complexity="0" loc="6" ncloc="6" packages="1" files="5" classes="5"/>
    <file name=".eslintrc.js" path="C:\Users\modini\Desktop\React App\RN\tdd\.eslintrc.js">
      <metrics statements="1" coveredstatements="0" conditionals="0" coveredconditionals="0" methods="0" coveredmethods="0"/>
      <line num="1" count="0" type="stmt"/>
    </file>
    <file name=".prettierrc.js" path="C:\Users\modini\Desktop\React App\RN\tdd\.prettierrc.js">
      <metrics statements="1" coveredstatements="0" conditionals="0" coveredconditionals="0" methods="0" coveredmethods="0"/>
      <line num="1" count="0" type="stmt"/>
    </file>
    <file name="index.js" path="C:\Users\modini\Desktop\React App\RN\tdd\index.js">
      <metrics statements="1" coveredstatements="0" conditionals="0" coveredconditionals="0" methods="1" coveredmethods="0"/>
      <line num="9" count="0" type="stmt"/>
    </file>
    <file name="jest.config.js" path="C:\Users\modini\Desktop\React App\RN\tdd\jest.config.js">
      <metrics statements="1" coveredstatements="0" conditionals="0" coveredconditionals="0" methods="0" coveredmethods="0"/>
      <line num="1" count="0" type="stmt"/>
    </file>
    <file name="metro.config.js" path="C:\Users\modini\Desktop\React App\RN\tdd\metro.config.js">
      <metrics statements="2" coveredstatements="0" conditionals="0" coveredconditionals="0" methods="1" coveredmethods="0"/>
      <line num="8" count="0" type="stmt"/>
      <line num="10" count="0" type="stmt"/>
    </file>
  </project>
</coverage>
