{"C:\\Users\\modini\\Desktop\\React App\\RN\\tdd\\.eslintrc.js": {"path":"C:\\Users\\modini\\Desktop\\React App\\RN\\tdd\\.eslintrc.js","statementMap":{"0":{"start":{"line":1,"column":0},"end":{"line":4,"column":2}}},"fnMap":{},"branchMap":{},"s":{"0":0},"f":{},"b":{}}
,"C:\\Users\\modini\\Desktop\\React App\\RN\\tdd\\.prettierrc.js": {"path":"C:\\Users\\modini\\Desktop\\React App\\RN\\tdd\\.prettierrc.js","statementMap":{"0":{"start":{"line":1,"column":0},"end":{"line":7,"column":2}}},"fnMap":{},"branchMap":{},"s":{"0":0},"f":{},"b":{}}
,"C:\\Users\\modini\\Desktop\\React App\\RN\\tdd\\index.js": {"path":"C:\\Users\\modini\\Desktop\\React App\\RN\\tdd\\index.js","statementMap":{"0":{"start":{"line":9,"column":0},"end":{"line":9,"column":50}},"1":{"start":{"line":9,"column":45},"end":{"line":9,"column":48}}},"fnMap":{"0":{"name":"(anonymous_0)","decl":{"start":{"line":9,"column":39},"end":{"line":9,"column":40}},"loc":{"start":{"line":9,"column":45},"end":{"line":9,"column":48}},"line":9}},"branchMap":{},"s":{"0":0,"1":0},"f":{"0":0},"b":{}}
,"C:\\Users\\modini\\Desktop\\React App\\RN\\tdd\\jest.config.js": {"path":"C:\\Users\\modini\\Desktop\\React App\\RN\\tdd\\jest.config.js","statementMap":{"0":{"start":{"line":1,"column":0},"end":{"line":16,"column":2}}},"fnMap":{},"branchMap":{},"s":{"0":0},"f":{},"b":{}}
,"C:\\Users\\modini\\Desktop\\React App\\RN\\tdd\\metro.config.js": {"path":"C:\\Users\\modini\\Desktop\\React App\\RN\\tdd\\metro.config.js","statementMap":{"0":{"start":{"line":8,"column":0},"end":{"line":17,"column":2}},"1":{"start":{"line":10,"column":38},"end":{"line":15,"column":5}}},"fnMap":{"0":{"name":"(anonymous_0)","decl":{"start":{"line":10,"column":25},"end":{"line":10,"column":26}},"loc":{"start":{"line":10,"column":38},"end":{"line":15,"column":5}},"line":10}},"branchMap":{},"s":{"0":0,"1":0},"f":{"0":0},"b":{}}
}
